<?xml version="1.0" encoding="UTF-8"?>
<!-- Generated by org.testng.reporters.JUnitXMLReporter -->
<testsuite hostname="DESKTOP-OSH6QQN" ignored="0" name="TC_ID_MA_Report" tests="3" failures="0" timestamp="2022-01-31T12:31:56 IST" time="4.91" errors="0">
  <testcase name="setup" time="0.016" classname="com.Airpay.Tests.MA_Report"/>
  <testcase name="TC_TestCaseName" time="0.035" classname="com.Airpay.Tests.MA_Report"/>
  <testcase name="delete" time="0.0" classname="com.Airpay.Tests.MA_Report"/>
</testsuite> <!-- TC_ID_MA_Report -->
