<?xml version="1.0" encoding="UTF-8"?>
<!-- Generated by org.testng.reporters.JUnitXMLReporter -->
<testsuite hostname="DESKTOP-OSH6QQN" name="TC_ID_MA_Report2" tests="3" failures="0" timestamp="3 Jun 2020 07:05:27 GMT" time="177.541" errors="0">
  <testcase name="setup" time="0.212" classname="com.Airpay.Tests.MA_Report2"/>
  <testcase name="TC_TestCaseName" time="149.37" classname="com.Airpay.Tests.MA_Report2"/>
  <testcase name="delete" time="0.0" classname="com.Airpay.Tests.MA_Report2"/>
</testsuite> <!-- TC_ID_MA_Report2 -->
