<?xml version="1.0" encoding="UTF-8"?>
<!-- Generated by org.testng.reporters.JUnitXMLReporter -->
<testsuite hostname="DESKTOP-OSH6QQN" name="TC_ID_MA_Report_Instance_8" tests="3" failures="0" timestamp="30 Apr 2020 07:05:15 GMT" time="129.249" errors="0">
  <testcase name="setup" time="0.0" classname="com.Airpay.Tests.MA_Report"/>
  <testcase name="TC_TestCaseName" time="0.503" classname="com.Airpay.Tests.MA_Report"/>
  <testcase name="delete" time="0.0" classname="com.Airpay.Tests.MA_Report"/>
</testsuite> <!-- TC_ID_MA_Report_Instance_8 -->
