<?xml version="1.0" encoding="UTF-8"?>
<!-- Generated by org.testng.reporters.JUnitXMLReporter -->
<testsuite ignored="0" hostname="DESKTOP-OSH6QQN" failures="0" tests="2" name="TC_PP_Cash_MakePayment" time="302.237" errors="0" timestamp="2021-10-18T13:57:39 IST">
  <testcase classname="com.Airpay.Tests.TC_PP_Cash_MakePayment" name="setup" time="0.099"/>
  <testcase classname="com.Airpay.Tests.TC_PP_Cash_MakePayment" name="TC_TestCaseName" time="109.278"/>
</testsuite> <!-- TC_PP_Cash_MakePayment -->
