<?xml version="1.0" encoding="UTF-8"?>
<!-- Generated by org.testng.reporters.JUnitXMLReporter -->
<testsuite hostname="Parmeshwar-QA" name="TC_PP_BharatOR_BarCode_img_verification_iFrame_kit" tests="2" failures="0" timestamp="18 Mar 2019 09:21:00 GMT" time="24.702" errors="0">
  <testcase name="setup" time="0.0" classname="com.Airpay.Tests.TC_PP_BharatOR_BarCode_img_verification_Inline_kit"/>
  <testcase name="TC_TestCaseName" time="15.93" classname="com.Airpay.Tests.TC_PP_BharatOR_BarCode_img_verification_Inline_kit"/>
</testsuite> <!-- TC_PP_BharatOR_BarCode_img_verification_iFrame_kit -->
