<?xml version="1.0" encoding="UTF-8"?>
<!-- Generated by org.testng.reporters.JUnitXMLReporter -->
<testsuite ignored="0" hostname="DESKTOP-OSH6QQN" failures="0" tests="2" name="TC_PP_NetBanking_Banking_popular_bank_verification" time="29.103" errors="0" timestamp="2021-10-18T16:17:04 IST">
  <testcase classname="com.Airpay.Tests.TC_PP_NetBanking_Banking_popular_bank_verification" name="setup" time="0.001"/>
  <testcase classname="com.Airpay.Tests.TC_PP_NetBanking_Banking_popular_bank_verification" name="TC_TestCaseName" time="9.497"/>
</testsuite> <!-- TC_PP_NetBanking_Banking_popular_bank_verification -->
