<?xml version="1.0" encoding="UTF-8"?>
<!-- Generated by org.testng.reporters.JUnitXMLReporter -->
<testsuite ignored="0" hostname="DESKTOP-OSH6QQN" failures="0" tests="2" name="TC_PP_NetBanking_Bank_page_validations" time="188.698" errors="0" timestamp="2021-10-18T16:43:27 IST">
  <testcase classname="com.Airpay.Tests.TC_PP_NetBanking_Bank_page_validations" name="setup" time="0.054"/>
  <testcase classname="com.Airpay.Tests.TC_PP_NetBanking_Bank_page_validations" name="TC_TestCaseName" time="173.838"/>
</testsuite> <!-- TC_PP_NetBanking_Bank_page_validations -->
