<?xml version="1.0" encoding="UTF-8"?>
<!-- Generated by org.testng.reporters.JUnitXMLReporter -->
<testsuite hostname="Parmeshwar-QA" name="TC_PP_17_Credit_Card_VisaCard" tests="2" failures="0" timestamp="18 Mar 2019 08:50:04 GMT" time="41.4" errors="0">
  <testcase name="setup" time="0.0" classname="com.Airpay.Tests.TC_PP_17_Credit_Card_Inline_kit"/>
  <testcase name="TC_TestCaseName" time="32.594" classname="com.Airpay.Tests.TC_PP_17_Credit_Card_Inline_kit"/>
</testsuite> <!-- TC_PP_17_Credit_Card_VisaCard -->
