<?xml version="1.0" encoding="UTF-8"?>
<!-- Generated by org.testng.reporters.JUnitXMLReporter -->
<testsuite hostname="Parmeshwar-QA" name="TC_PP_AmexeZeClick_Testcase_iFrame_kit" tests="2" failures="0" timestamp="18 Mar 2019 09:26:57 GMT" time="90.445" errors="0">
  <testcase name="setup" time="0.0" classname="com.Airpay.Tests.TC_PP_AmexeZeClick_Testcase_Inline_kit"/>
  <testcase name="TC_TestCaseName" time="81.599" classname="com.Airpay.Tests.TC_PP_AmexeZeClick_Testcase_Inline_kit"/>
</testsuite> <!-- TC_PP_AmexeZeClick_Testcase_iFrame_kit -->
