<?xml version="1.0" encoding="UTF-8"?>
<!-- Generated by org.testng.reporters.JUnitXMLReporter -->
<testsuite hostname="Parmeshwar-QA" name="TC_PP_15_Credit_Card_iFrame_kit" tests="2" failures="0" timestamp="18 Mar 2019 08:37:34 GMT" time="64.903" errors="0">
  <testcase name="setup" time="0.0" classname="com.Airpay.Tests.TC_PP_15_Credit_Card_Inline_kit"/>
  <testcase name="TC_TestCaseName" time="56.28" classname="com.Airpay.Tests.TC_PP_15_Credit_Card_Inline_kit"/>
</testsuite> <!-- TC_PP_15_Credit_Card_iFrame_kit -->
