<?xml version="1.0" encoding="UTF-8"?>
<!-- Generated by org.testng.reporters.JUnitXMLReporter -->
<testsuite hostname="DESKTOP-OSH6QQN" name="TC_PP_UPI_Session_Cancel_Popup_ErrorMessage_NewDesign_Phonepe" tests="2" failures="0" timestamp="27 Mar 2020 07:58:47 GMT" time="44.377" errors="0">
  <testcase name="setup" time="0.0" classname="com.Airpay.Tests.TC_PP_valid_UPI_Session_Cancel_popup_ErrMsg"/>
  <testcase name="TC_TestCaseName" time="28.389" classname="com.Airpay.Tests.TC_PP_valid_UPI_Session_Cancel_popup_ErrMsg"/>
</testsuite> <!-- TC_PP_UPI_Session_Cancel_Popup_ErrorMessage_NewDesign_Phonepe -->
