<?xml version="1.0" encoding="UTF-8"?>
<!-- Generated by org.testng.reporters.JUnitXMLReporter -->
<testsuite ignored="0" hostname="DESKTOP-OSH6QQN" failures="0" tests="2" name="TC_PP_Debit_Card_logo_Appearance" time="195.725" errors="0" timestamp="2021-10-18T13:04:53 IST">
  <testcase classname="com.Airpay.Tests.TC_PP_Debit_Card_logo_Appearance" name="setup" time="0.0"/>
  <testcase classname="com.Airpay.Tests.TC_PP_Debit_Card_logo_Appearance" name="TC_TestCaseName" time="84.567"/>
</testsuite> <!-- TC_PP_Debit_Card_logo_Appearance -->
