<?xml version="1.0" encoding="UTF-8"?>
<!-- Generated by org.testng.reporters.JUnitXMLReporter -->
<testsuite ignored="0" hostname="DESKTOP-OSH6QQN" failures="0" tests="2" name="TC_PP_09_verify_Debit_Card_Red_line_errors" time="151.039" errors="0" timestamp="2021-10-18T14:51:42 IST">
  <testcase classname="com.Airpay.Tests.TC_PP_09_Debit_Card" name="setup" time="0.0"/>
  <testcase classname="com.Airpay.Tests.TC_PP_09_Debit_Card" name="TC_TestCaseName" time="43.01"/>
</testsuite> <!-- TC_PP_09_verify_Debit_Card_Red_line_errors -->
