<?xml version="1.0" encoding="UTF-8"?>
<!-- Generated by org.testng.reporters.JUnitXMLReporter -->
<testsuite ignored="0" hostname="DESKTOP-OSH6QQN" failures="0" tests="2" name="TC_PP_BharatOR_BarCode_Cross_btn_errVerification" time="78.603" errors="0" timestamp="2021-10-18T17:32:34 IST">
  <testcase classname="com.Airpay.Tests.TC_PP_BharatOR_BarCode_CrossBtn_Error_verification" name="setup" time="0.001"/>
  <testcase classname="com.Airpay.Tests.TC_PP_BharatOR_BarCode_CrossBtn_Error_verification" name="TC_TestCaseName" time="69.625"/>
</testsuite> <!-- TC_PP_BharatOR_BarCode_Cross_btn_errVerification -->
