<?xml version="1.0" encoding="UTF-8"?>
<!-- Generated by org.testng.reporters.JUnitXMLReporter -->
<testsuite ignored="0" hostname="DESKTOP-OSH6QQN" failures="0" tests="2" name="TC_PP_BharatOR_BarCode_Session_TimeOut_errVerification" time="241.108" errors="0" timestamp="2021-10-18T17:36:35 IST">
  <testcase classname="com.Airpay.Tests.TC_PP_BharatOR_BarCode_Session_TimeOut_errVerification" name="setup" time="0.001"/>
  <testcase classname="com.Airpay.Tests.TC_PP_BharatOR_BarCode_Session_TimeOut_errVerification" name="TC_TestCaseName" time="232.137"/>
</testsuite> <!-- TC_PP_BharatOR_BarCode_Session_TimeOut_errVerification -->
