<?xml version="1.0" encoding="UTF-8"?>
<!-- Generated by org.testng.reporters.JUnitXMLReporter -->
<testsuite ignored="0" hostname="DESKTOP-OSH6QQN" failures="0" tests="2" name="TC_PP_09_Verify_Credit_Card_Red_line_Errors" time="159.002" errors="0" timestamp="2021-10-18T14:45:31 IST">
  <testcase classname="com.Airpay.Tests.TC_PP_09_Credit_Card" name="setup" time="0.0"/>
  <testcase classname="com.Airpay.Tests.TC_PP_09_Credit_Card" name="TC_TestCaseName" time="48.666"/>
</testsuite> <!-- TC_PP_09_Verify_Credit_Card_Red_line_Errors -->
