<?xml version="1.0" encoding="UTF-8"?>
<!-- Generated by org.testng.reporters.JUnitXMLReporter -->
<testsuite hostname="Parmeshwar-QA" name="TC_PP_UPI_Success_Transaction_iFrame_kit" tests="2" failures="0" timestamp="18 Mar 2019 09:18:33 GMT" time="269.467" errors="0">
  <testcase name="setup" time="0.0" classname="com.Airpay.Tests.TC_PP_UPI_Success_Transaction_Inline_kit"/>
  <testcase name="TC_TestCaseName" time="260.611" classname="com.Airpay.Tests.TC_PP_UPI_Success_Transaction_Inline_kit"/>
</testsuite> <!-- TC_PP_UPI_Success_Transaction_iFrame_kit -->
