<?xml version="1.0" encoding="UTF-8"?>
<!-- Generated by org.testng.reporters.JUnitXMLReporter -->
<testsuite ignored="0" hostname="DESKTOP-OSH6QQN" failures="0" tests="2" name="TC_PP_11_Verify_Invalid_Debit_Card_Detsils_with_Error_Messages" time="213.065" errors="0" timestamp="2021-10-18T15:02:13 IST">
  <testcase classname="com.Airpay.Tests.TC_PP_11_Debit_Card" name="setup" time="0.0"/>
  <testcase classname="com.Airpay.Tests.TC_PP_11_Debit_Card" name="TC_TestCaseName" time="48.161"/>
</testsuite> <!-- TC_PP_11_Verify_Invalid_Debit_Card_Detsils_with_Error_Messages -->
