<?xml version="1.0" encoding="UTF-8"?>
<!-- Generated by org.testng.reporters.JUnitXMLReporter -->
<testsuite hostname="Parmeshwar-QA" name="TC_PP_valid_UPI_Session_Cancel_popup_ErrMsg_iFrame_kit" tests="2" failures="0" timestamp="18 Mar 2019 09:09:36 GMT" time="38.498" errors="0">
  <testcase name="setup" time="0.0" classname="com.Airpay.Tests.TC_PP_valid_UPI_Session_Cancel_popup_ErrMsg_Inline_kit"/>
  <testcase name="TC_TestCaseName" time="29.804" classname="com.Airpay.Tests.TC_PP_valid_UPI_Session_Cancel_popup_ErrMsg_Inline_kit"/>
</testsuite> <!-- TC_PP_valid_UPI_Session_Cancel_popup_ErrMsg_iFrame_kit -->
