<?xml version="1.0" encoding="UTF-8"?>
<!-- Generated by org.testng.reporters.JUnitXMLReporter -->
<testsuite hostname="DESKTOP-1HEU4UN" ignored="0" name="TC_PP_UPI_Transaction_Decline_ErrorMessage_NewDesign" tests="2" failures="0" timestamp="06 Jan 2020 07:53:06 GMT" time="412.383" errors="0">
  <testcase name="setup" time="0.0" classname="com.Airpay.Tests.TC_PP_valid_UPI_Transaction_Decline_ErrorMsg"/>
  <testcase name="TC_TestCaseName" time="392.799" classname="com.Airpay.Tests.TC_PP_valid_UPI_Transaction_Decline_ErrorMsg"/>
</testsuite> <!-- TC_PP_UPI_Transaction_Decline_ErrorMessage_NewDesign -->
