<?xml version="1.0" encoding="UTF-8"?>
<!-- Generated by org.testng.reporters.JUnitXMLReporter -->
<testsuite hostname="Parmeshwar-QA" name="TC_PP_Wallet_Banking_popular_wallet_verifying_iFrame_kit" tests="2" failures="0" timestamp="18 Mar 2019 08:54:39 GMT" time="18.774" errors="0">
  <testcase name="setup" time="0.0" classname="com.Airpay.Tests.TC_PP_Wallet_Banking_popular_wallet_verifying_Inline_kit"/>
  <testcase name="TC_TestCaseName" time="10.035" classname="com.Airpay.Tests.TC_PP_Wallet_Banking_popular_wallet_verifying_Inline_kit"/>
</testsuite> <!-- TC_PP_Wallet_Banking_popular_wallet_verifying_iFrame_kit -->
