<?xml version="1.0" encoding="UTF-8"?>
<!-- Generated by org.testng.reporters.JUnitXMLReporter -->
<testsuite hostname="DESKTOP-1HEU4UN" ignored="0" name="TC_PP_UPI_Wallet_verification" tests="2" failures="0" timestamp="04 Oct 2019 12:39:05 GMT" time="53.366" errors="0">
  <testcase name="setup" time="0.0" classname="com.Airpay.Tests.TC_PP_UPI_Success_Transaction_Updated"/>
  <testcase name="TC_TestCaseName" time="27.041" classname="com.Airpay.Tests.TC_PP_UPI_Success_Transaction_Updated"/>
</testsuite> <!-- TC_PP_UPI_Wallet_verification -->
