<?xml version="1.0" encoding="UTF-8"?>
<!-- Generated by org.testng.reporters.JUnitXMLReporter -->
<testsuite ignored="0" hostname="DESKTOP-OSH6QQN" failures="0" tests="2" name="TC_PP_NetBanking_Reselect_Bank_from_previous_selected_popular_bank" time="19.935" errors="0" timestamp="2021-10-18T16:17:24 IST">
  <testcase classname="com.Airpay.Tests.TC_PP_NetBanking_Previous_Selected_PopularBank" name="setup" time="0.0"/>
  <testcase classname="com.Airpay.Tests.TC_PP_NetBanking_Previous_Selected_PopularBank" name="TC_TestCaseName" time="9.761"/>
</testsuite> <!-- TC_PP_NetBanking_Reselect_Bank_from_previous_selected_popular_bank -->
