<?xml version="1.0" encoding="UTF-8"?>
<!-- Generated by org.testng.reporters.JUnitXMLReporter -->
<testsuite ignored="0" hostname="DESKTOP-OSH6QQN" failures="0" tests="2" name="TC_PP_NetBanking_Selecting_All_Banks" time="19.781" errors="0" timestamp="2021-10-18T16:17:44 IST">
  <testcase classname="com.Airpay.Tests.TC_PP_NetBanking_All_Bank_Name_Access" name="setup" time="0.0"/>
  <testcase classname="com.Airpay.Tests.TC_PP_NetBanking_All_Bank_Name_Access" name="TC_TestCaseName" time="9.515"/>
</testsuite> <!-- TC_PP_NetBanking_Selecting_All_Banks -->
