<?xml version="1.0" encoding="UTF-8"?>
<!-- Generated by org.testng.reporters.JUnitXMLReporter -->
<testsuite hostname="DESKTOP-OSH6QQN" ignored="0" name="TC_PP_Wallet_Navigation_page" tests="2" failures="0" timestamp="2021-10-07T12:43:48 IST" time="642.878" errors="0">
  <testcase name="setup" time="0.031" classname="com.Airpay.Tests.TC_PP_Wallet_Navigation_page"/>
  <testcase name="TC_TestCaseName" time="15.219" classname="com.Airpay.Tests.TC_PP_Wallet_Navigation_page"/>
</testsuite> <!-- TC_PP_Wallet_Navigation_page -->
