<?xml version="1.0" encoding="UTF-8"?>
<!-- Generated by org.testng.reporters.JUnitXMLReporter -->
<testsuite hostname="DESKTOP-1HEU4UN" ignored="0" name="TC_PP_UPIAddress_Empty_Transaction_ErrorMessage" tests="2" failures="0" timestamp="06 Jan 2020 07:21:38 GMT" time="50.592" errors="0">
  <testcase name="setup" time="0.007" classname="com.Airpay.Tests.TC_PP_UPI_SuccessTransaction_ErrorMessage"/>
  <testcase name="TC_TestCaseName" time="24.134" classname="com.Airpay.Tests.TC_PP_UPI_SuccessTransaction_ErrorMessage"/>
</testsuite> <!-- TC_PP_UPIAddress_Empty_Transaction_ErrorMessage -->
