<?xml version="1.0" encoding="UTF-8"?>
<!-- Generated by org.testng.reporters.JUnitXMLReporter -->
<testsuite hostname="Parmeshwar-QA" name="TC_PP_Moto_Transaction_Credit_Card_Failed_Transaction_iFrame_kit" tests="2" failures="0" timestamp="18 Mar 2019 09:00:44 GMT" time="30.123" errors="0">
  <testcase name="setup" time="0.0" classname="com.Airpay.Tests.TC_PP_Moto_Transaction_Credit_Card_Failed_Transaction_Inline_kit"/>
  <testcase name="TC_TestCaseName" time="21.443" classname="com.Airpay.Tests.TC_PP_Moto_Transaction_Credit_Card_Failed_Transaction_Inline_kit"/>
</testsuite> <!-- TC_PP_Moto_Transaction_Credit_Card_Failed_Transaction_iFrame_kit -->
