<?xml version="1.0" encoding="UTF-8"?>
<!-- Generated by org.testng.reporters.JUnitXMLReporter -->
<testsuite ignored="0" hostname="DESKTOP-OSH6QQN" failures="0" tests="2" name="TC_PP_Credit_Card_logo_Appearance" time="232.366" errors="0" timestamp="2021-10-18T13:01:34 IST">
  <testcase classname="com.Airpay.Tests.TC_PP_Credit_Card_logo_Appearance" name="setup" time="0.152"/>
  <testcase classname="com.Airpay.Tests.TC_PP_Credit_Card_logo_Appearance" name="TC_TestCaseName" time="67.424"/>
</testsuite> <!-- TC_PP_Credit_Card_logo_Appearance -->
