<?xml version="1.0" encoding="UTF-8"?>
<!-- Generated by org.testng.reporters.JUnitXMLReporter -->
<testsuite hostname="Parmeshwar-QA" name="TC_PP_BharatOR_BarCode_Session_TimeOut_errVerification_iFrame_kit" tests="2" failures="0" timestamp="18 Mar 2019 09:25:26 GMT" time="224.607" errors="0">
  <testcase name="setup" time="0.001" classname="com.Airpay.Tests.TC_PP_BharatOR_BarCode_Session_TimeOut_errVerification_Inline_kit"/>
  <testcase name="TC_TestCaseName" time="215.617" classname="com.Airpay.Tests.TC_PP_BharatOR_BarCode_Session_TimeOut_errVerification_Inline_kit"/>
</testsuite> <!-- TC_PP_BharatOR_BarCode_Session_TimeOut_errVerification_iFrame_kit -->
