<?xml version="1.0" encoding="UTF-8"?>
<!-- Generated by org.testng.reporters.JUnitXMLReporter -->
<testsuite ignored="0" hostname="DESKTOP-OSH6QQN" failures="0" tests="2" name="TC_PP_Transaction_Credit_Card_Successfull_Transaction_Amex" time="126.579" errors="0" timestamp="2021-10-18T16:51:20 IST">
  <testcase classname="com.Airpay.Tests.TC_PP_Moto_Transaction_Credit_Card_Successfull_Transaction" name="setup" time="0.006"/>
  <testcase classname="com.Airpay.Tests.TC_PP_Moto_Transaction_Credit_Card_Successfull_Transaction" name="TC_TestCaseName" time="116.623"/>
</testsuite> <!-- TC_PP_Transaction_Credit_Card_Successfull_Transaction_Amex -->
