<?xml version="1.0" encoding="UTF-8"?>
<!-- Generated by org.testng.reporters.JUnitXMLReporter -->
<testsuite ignored="0" hostname="DESKTOP-OSH6QQN" failures="0" tests="2" name="TC_PP_Moto_Transaction_Debit_Card_Successfull_Transaction" time="101.022" errors="0" timestamp="2021-10-18T17:18:19 IST">
  <testcase classname="com.Airpay.Tests.TC_PP_Moto_Transaction_Debit_Card_Successfull_Transaction" name="setup" time="0.0"/>
  <testcase classname="com.Airpay.Tests.TC_PP_Moto_Transaction_Debit_Card_Successfull_Transaction" name="TC_TestCaseName" time="90.995"/>
</testsuite> <!-- TC_PP_Moto_Transaction_Debit_Card_Successfull_Transaction -->
