<?xml version="1.0" encoding="UTF-8"?>
<!-- Generated by org.testng.reporters.JUnitXMLReporter -->
<testsuite ignored="0" hostname="DESKTOP-OSH6QQN" failures="0" tests="2" name="TC_PP_10_Verify_all_madatory_redLine_Errors" time="135.031" errors="0" timestamp="2021-10-18T14:53:58 IST">
  <testcase classname="com.Airpay.Tests.TC_PP_10" name="setup" time="0.0"/>
  <testcase classname="com.Airpay.Tests.TC_PP_10" name="TC_TestCaseName" time="29.102"/>
</testsuite> <!-- TC_PP_10_Verify_all_madatory_redLine_Errors -->
