<?xml version="1.0" encoding="UTF-8"?>
<!-- Generated by org.testng.reporters.JUnitXMLReporter -->
<testsuite hostname="Parmeshwar-QA" name="TC_PP_EMI_Selecting_Bank_verifying_iFrame_kit" tests="2" failures="0" timestamp="18 Mar 2019 09:20:14 GMT" time="20.432" errors="0">
  <testcase name="setup" time="0.0" classname="com.Airpay.Tests.TC_PP_EMI_Selecting_Bank_verifying_Inline_kit"/>
  <testcase name="TC_TestCaseName" time="11.632" classname="com.Airpay.Tests.TC_PP_EMI_Selecting_Bank_verifying_Inline_kit"/>
</testsuite> <!-- TC_PP_EMI_Selecting_Bank_verifying_iFrame_kit -->
