<?xml version="1.0" encoding="UTF-8"?>
<!-- Generated by org.testng.reporters.JUnitXMLReporter -->
<testsuite ignored="0" hostname="DESKTOP-OSH6QQN" failures="0" tests="2" name="TC_PP_11_verify_Invalid_Credit_Card_Details_with_Messages" time="278.758" errors="0" timestamp="2021-10-18T14:58:38 IST">
  <testcase classname="com.Airpay.Tests.TC_PP_11_Credit_Card" name="setup" time="0.0"/>
  <testcase classname="com.Airpay.Tests.TC_PP_11_Credit_Card" name="TC_TestCaseName" time="114.612"/>
</testsuite> <!-- TC_PP_11_verify_Invalid_Credit_Card_Details_with_Messages -->
