<?xml version="1.0" encoding="UTF-8"?>
<!-- Generated by org.testng.reporters.JUnitXMLReporter -->
<testsuite hostname="Parmeshwar-QA" name="TC_PP_NetBanking_Bank_page_validations_iFrame_kit" tests="2" failures="0" timestamp="18 Mar 2019 08:43:43 GMT" time="161.113" errors="0">
  <testcase name="setup" time="0.0" classname="com.Airpay.Tests.TC_PP_NetBanking_Bank_page_validations_Inline_kit"/>
  <testcase name="TC_TestCaseName" time="152.379" classname="com.Airpay.Tests.TC_PP_NetBanking_Bank_page_validations_Inline_kit"/>
</testsuite> <!-- TC_PP_NetBanking_Bank_page_validations_iFrame_kit -->
