<?xml version="1.0" encoding="UTF-8"?>
<!-- Generated by org.testng.reporters.JUnitXMLReporter -->
<testsuite ignored="0" hostname="DESKTOP-OSH6QQN" failures="0" tests="2" name="TC_PP_12_verify_Indian_card_ErrorMessages" time="209.942" errors="0" timestamp="2021-10-18T15:05:45 IST">
  <testcase classname="com.Airpay.Tests.TC_PP_12" name="setup" time="0.0"/>
  <testcase classname="com.Airpay.Tests.TC_PP_12" name="TC_TestCaseName" time="45.312"/>
</testsuite> <!-- TC_PP_12_verify_Indian_card_ErrorMessages -->
