<?xml version="1.0" encoding="UTF-8"?>
<!-- Generated by org.testng.reporters.JUnitXMLReporter -->
<testsuite hostname="Parmeshwar-QA" name="TC_PaymentPage_Logo_Verify_Instance_1" tests="2" failures="0" timestamp="17 Apr 2019 11:04:01 GMT" time="35.644" errors="0">
  <testcase name="setup" time="0.0" classname="com.Airpay.Tests.TC_PaymentPage_Logo_Verify"/>
  <testcase name="TC_TestCaseName" time="23.57" classname="com.Airpay.Tests.TC_PaymentPage_Logo_Verify"/>
</testsuite> <!-- TC_PaymentPage_Logo_Verify_Instance_1 -->
