<?xml version="1.0" encoding="UTF-8"?>
<!-- Generated by org.testng.reporters.JUnitXMLReporter -->
<testsuite hostname="Parmeshwar-QA" name="TC_PP_EMI_Verify_ErrMsg_for_Invalid_Bank_selection_iFrame_kit" tests="2" failures="0" timestamp="18 Mar 2019 09:19:53 GMT" time="30.278" errors="0">
  <testcase name="setup" time="0.0" classname="com.Airpay.Tests.TC_PP_EMI_Verify_ErrMsg_for_Invalid_Bank_selection_Inline_kit"/>
  <testcase name="TC_TestCaseName" time="21.417" classname="com.Airpay.Tests.TC_PP_EMI_Verify_ErrMsg_for_Invalid_Bank_selection_Inline_kit"/>
</testsuite> <!-- TC_PP_EMI_Verify_ErrMsg_for_Invalid_Bank_selection_iFrame_kit -->
