<?xml version="1.0" encoding="UTF-8"?>
<!-- Generated by org.testng.reporters.JUnitXMLReporter -->
<testsuite ignored="0" hostname="DESKTOP-OSH6QQN" failures="0" tests="2" name="TC_PP_05_Verify_Channels_When passing only email" time="144.886" errors="0" timestamp="2021-10-18T14:31:16 IST">
  <testcase classname="com.Airpay.Tests.TC_PP_05_email" name="setup" time="0.001"/>
  <testcase classname="com.Airpay.Tests.TC_PP_05_email" name="TC_TestCaseName" time="35.677"/>
</testsuite> <!-- TC_PP_05_Verify_Channels_When passing only email -->
