<?xml version="1.0" encoding="UTF-8"?>
<!-- Generated by org.testng.reporters.JUnitXMLReporter -->
<testsuite hostname="Parmeshwar-QA" name="TC_PP_Credit_Card_logo_Appearance_iFrame_kit" tests="2" failures="0" timestamp="18 Mar 2019 08:47:59 GMT" time="19.859" errors="0">
  <testcase name="setup" time="0.001" classname="com.Airpay.Tests.TC_PP_Credit_Card_logo_Appearance_Inline_kit"/>
  <testcase name="TC_TestCaseName" time="11.164" classname="com.Airpay.Tests.TC_PP_Credit_Card_logo_Appearance_Inline_kit"/>
</testsuite> <!-- TC_PP_Credit_Card_logo_Appearance_iFrame_kit -->
