<?xml version="1.0" encoding="UTF-8"?>
<!-- Generated by org.testng.reporters.JUnitXMLReporter -->
<testsuite ignored="0" hostname="DESKTOP-OSH6QQN" failures="0" tests="2" name="TC_PP_Cash_MakePayment_PinCodeErrorLine" time="211.43" errors="0" timestamp="2021-10-18T14:01:13 IST">
  <testcase classname="com.Airpay.Tests.TC_PP_Cash_MakePayment_PinCodeErrorLine" name="setup" time="0.0"/>
  <testcase classname="com.Airpay.Tests.TC_PP_Cash_MakePayment_PinCodeErrorLine" name="TC_TestCaseName" time="36.658"/>
</testsuite> <!-- TC_PP_Cash_MakePayment_PinCodeErrorLine -->
