<?xml version="1.0" encoding="UTF-8"?>
<!-- Generated by org.testng.reporters.JUnitXMLReporter -->
<testsuite ignored="0" hostname="DESKTOP-OSH6QQN" failures="0" tests="2" name="TC_PP_05_Verify_language passing currency as KES" time="312.059" errors="0" timestamp="2021-10-18T14:40:28 IST">
  <testcase classname="com.Airpay.Tests.TC_PP_05_Langugechange" name="setup" time="0.0"/>
  <testcase classname="com.Airpay.Tests.TC_PP_05_Langugechange" name="TC_TestCaseName" time="204.112"/>
</testsuite> <!-- TC_PP_05_Verify_language passing currency as KES -->
