<?xml version="1.0" encoding="UTF-8"?>
<!-- Generated by org.testng.reporters.JUnitXMLReporter -->
<testsuite ignored="0" hostname="DESKTOP-OSH6QQN" failures="0" tests="2" name="TC_PP_Moto_Transaction_Credit_Card_Failed_Transaction" time="29.725" errors="0" timestamp="2021-10-18T16:51:50 IST">
  <testcase classname="com.Airpay.Tests.TC_PP_Moto_Transaction_Credit_Card_Failed_Transaction" name="setup" time="0.0"/>
  <testcase classname="com.Airpay.Tests.TC_PP_Moto_Transaction_Credit_Card_Failed_Transaction" name="TC_TestCaseName" time="20.988"/>
</testsuite> <!-- TC_PP_Moto_Transaction_Credit_Card_Failed_Transaction -->
