<?xml version="1.0" encoding="UTF-8"?>
<!-- Generated by org.testng.reporters.JUnitXMLReporter -->
<testsuite ignored="0" hostname="DESKTOP-OSH6QQN" failures="0" tests="2" name="TC_PP_Invalid_UPI_Address_NewDesign" time="300.528" errors="0" timestamp="2021-10-05T17:47:57 IST">
  <testcase classname="com.Airpay.Tests.TC_PP_Invalid_UPI_Address_NewDesign" name="setup" time="0.0"/>
  <testcase classname="com.Airpay.Tests.TC_PP_Invalid_UPI_Address_NewDesign" name="TC_TestCaseName" time="286.832"/>
</testsuite> <!-- TC_PP_Invalid_UPI_Address_NewDesign -->
