<?xml version="1.0" encoding="UTF-8"?>
<!-- Generated by org.testng.reporters.JUnitXMLReporter -->
<testsuite ignored="0" hostname="DESKTOP-OSH6QQN" failures="0" tests="2" name="TC_PP_Wallet_Previous_Selected_Popular_wallet" time="20.046" errors="0" timestamp="2021-10-06T11:54:37 IST">
  <testcase classname="com.Airpay.Tests.TC_PP_Wallet_Previous_Selected_Popular_wallet" name="setup" time="0.0"/>
  <testcase classname="com.Airpay.Tests.TC_PP_Wallet_Previous_Selected_Popular_wallet" name="TC_TestCaseName" time="10.686"/>
</testsuite> <!-- TC_PP_Wallet_Previous_Selected_Popular_wallet -->
