<?xml version="1.0" encoding="UTF-8"?>
<!-- Generated by org.testng.reporters.JUnitXMLReporter -->
<testsuite hostname="Parmeshwar-QA" name="TC_PP_PaytmChannel_Transaction_Decline_ErrorMessage" tests="2" failures="0" timestamp="25 Mar 2019 12:46:42 GMT" time="104.462" errors="0">
  <testcase name="setup" time="0.0" classname="com.Airpay.Tests.TC_PP_PaytmChannel_Transaction_Decline_ErrorMessage"/>
  <testcase name="TC_TestCaseName" time="93.697" classname="com.Airpay.Tests.TC_PP_PaytmChannel_Transaction_Decline_ErrorMessage"/>
</testsuite> <!-- TC_PP_PaytmChannel_Transaction_Decline_ErrorMessage -->
