<?xml version="1.0" encoding="UTF-8"?>
<!-- Generated by org.testng.reporters.JUnitXMLReporter -->
<testsuite ignored="0" hostname="DESKTOP-OSH6QQN" failures="0" tests="2" name="TC_PP_UPI_Session_Cancel_Popup_ErrorMessage_NewDesign" time="281.075" errors="0" timestamp="2021-10-05T18:08:24 IST">
  <testcase classname="com.Airpay.Tests.TC_PP_valid_UPI_Session_Cancel_popup_ErrMsg" name="setup" time="0.006"/>
  <testcase classname="com.Airpay.Tests.TC_PP_valid_UPI_Session_Cancel_popup_ErrMsg" name="TC_TestCaseName" time="264.46"/>
</testsuite> <!-- TC_PP_UPI_Session_Cancel_Popup_ErrorMessage_NewDesign -->
