<?xml version="1.0" encoding="UTF-8"?>
<!-- Generated by org.testng.reporters.JUnitXMLReporter -->
<testsuite hostname="Parmeshwar-QA" name="TC_PP_13_Debit_Card_iFrame_kit" tests="2" failures="0" timestamp="18 Mar 2019 08:32:15 GMT" time="28.755" errors="0">
  <testcase name="setup" time="0.001" classname="com.Airpay.Tests.TC_PP_13_Debit_Card_Inline_kit"/>
  <testcase name="TC_TestCaseName" time="20.066" classname="com.Airpay.Tests.TC_PP_13_Debit_Card_Inline_kit"/>
</testsuite> <!-- TC_PP_13_Debit_Card_iFrame_kit -->
