<?xml version="1.0" encoding="UTF-8"?>
<!-- Generated by org.testng.reporters.JUnitXMLReporter -->
<testsuite hostname="DESKTOP-1HEU4UN" ignored="0" name="TC_PP_UPI_Success_Transaction" tests="2" failures="0" timestamp="06 Jan 2020 07:33:01 GMT" time="125.307" errors="0">
  <testcase name="setup" time="0.0" classname="com.Airpay.Tests.TC_PP_UPI_Success_Transaction"/>
  <testcase name="TC_TestCaseName" time="99.568" classname="com.Airpay.Tests.TC_PP_UPI_Success_Transaction"/>
</testsuite> <!-- TC_PP_UPI_Success_Transaction -->
