<?xml version="1.0" encoding="UTF-8"?>
<!-- Generated by org.testng.reporters.JUnitXMLReporter -->
<testsuite ignored="0" hostname="DESKTOP-OSH6QQN" failures="0" tests="2" name="TC_PP_BharatOR_BarCode_img_verification" time="31.302" errors="0" timestamp="2021-10-18T17:31:15 IST">
  <testcase classname="com.Airpay.Tests.TC_PP_BharatOR_BarCode_img_verification" name="setup" time="0.007"/>
  <testcase classname="com.Airpay.Tests.TC_PP_BharatOR_BarCode_img_verification" name="TC_TestCaseName" time="20.594"/>
</testsuite> <!-- TC_PP_BharatOR_BarCode_img_verification -->
