<?xml version="1.0" encoding="UTF-8"?>
<!-- Generated by org.testng.reporters.JUnitXMLReporter -->
<testsuite hostname="Parmeshwar-QA" name="TC_PP_valid_UPI_SessionTimeOut_ErrMsg_iFrame_kit" tests="2" failures="0" timestamp="18 Mar 2019 09:08:58 GMT" time="214.158" errors="0">
  <testcase name="setup" time="0.001" classname="com.Airpay.Tests.TC_PP_valid_UPI_SessionTimeOut_ErrMsg_Inline_kit"/>
  <testcase name="TC_TestCaseName" time="205.478" classname="com.Airpay.Tests.TC_PP_valid_UPI_SessionTimeOut_ErrMsg_Inline_kit"/>
</testsuite> <!-- TC_PP_valid_UPI_SessionTimeOut_ErrMsg_iFrame_kit -->
