<?xml version="1.0" encoding="UTF-8"?>
<!-- Generated by org.testng.reporters.JUnitXMLReporter -->
<testsuite hostname="DESKTOP-1HEU4UN" ignored="0" name="TC_PP_UPI_Session_TimeOut_ErrorMessage" tests="2" failures="0" timestamp="06 Jan 2020 13:27:39 GMT" time="231.638" errors="0">
  <testcase name="setup" time="0.008" classname="com.Airpay.Tests.TC_PP_valid_UPI_SessionTimeOut_ErrMsg_NewDesign"/>
  <testcase name="TC_TestCaseName" time="205.473" classname="com.Airpay.Tests.TC_PP_valid_UPI_SessionTimeOut_ErrMsg_NewDesign"/>
</testsuite> <!-- TC_PP_UPI_Session_TimeOut_ErrorMessage -->
