<?xml version="1.0" encoding="UTF-8"?>
<!-- Generated by org.testng.reporters.JUnitXMLReporter -->
<testsuite ignored="0" hostname="DESKTOP-OSH6QQN" failures="0" tests="2" name="TC_PP_03_Verify_when_user_does_not_Pass_Mandatory_Invalid_FirstName" time="149.992" errors="0" timestamp="2021-10-18T14:26:31 IST">
  <testcase classname="com.Airpay.Tests.TC_PP_01" name="setup" time="0.0"/>
  <testcase classname="com.Airpay.Tests.TC_PP_01" name="TC_TestCaseName" time="33.076"/>
</testsuite> <!-- TC_PP_03_Verify_when_user_does_not_Pass_Mandatory_Invalid_FirstName -->
