<?xml version="1.0" encoding="UTF-8"?>
<!-- Generated by org.testng.reporters.JUnitXMLReporter -->
<testsuite hostname="Parmeshwar-QA" name="TC_PP_Wallet_Previous_Selected_Popular_wallet_iFrame_kit" tests="2" failures="0" timestamp="18 Mar 2019 08:54:59 GMT" time="19.99" errors="0">
  <testcase name="setup" time="0.0" classname="com.Airpay.Tests.TC_PP_Wallet_Previous_Selected_Popular_wallet_Inline_kit"/>
  <testcase name="TC_TestCaseName" time="11.239" classname="com.Airpay.Tests.TC_PP_Wallet_Previous_Selected_Popular_wallet_Inline_kit"/>
</testsuite> <!-- TC_PP_Wallet_Previous_Selected_Popular_wallet_iFrame_kit -->
