<?xml version="1.0" encoding="UTF-8"?>
<!-- Generated by org.testng.reporters.JUnitXMLReporter -->
<testsuite ignored="0" hostname="DESKTOP-OSH6QQN" failures="0" tests="2" name="TC_PP_05_Verify_Channels_When passing only mobile number" time="238.83" errors="0" timestamp="2021-10-18T14:35:15 IST">
  <testcase classname="com.Airpay.Tests.TC_PP_05_mobile" name="setup" time="0.0"/>
  <testcase classname="com.Airpay.Tests.TC_PP_05_mobile" name="TC_TestCaseName" time="132.69"/>
</testsuite> <!-- TC_PP_05_Verify_Channels_When passing only mobile number -->
