<?xml version="1.0" encoding="UTF-8"?>
<!-- Generated by org.testng.reporters.JUnitXMLReporter -->
<testsuite ignored="0" hostname="DESKTOP-OSH6QQN" failures="0" tests="2" name="TC_PP_Wallet_Red_Line_Error" time="19.002" errors="0" timestamp="2021-10-06T11:51:42 IST">
  <testcase classname="com.Airpay.Tests.TC_PP_Wallet_Red_Line_Error" name="setup" time="0.006"/>
  <testcase classname="com.Airpay.Tests.TC_PP_Wallet_Red_Line_Error" name="TC_TestCaseName" time="8.579"/>
</testsuite> <!-- TC_PP_Wallet_Red_Line_Error -->
