<?xml version="1.0" encoding="UTF-8"?>
<!-- Generated by org.testng.reporters.JUnitXMLReporter -->
<testsuite hostname="Parmeshwar-QA" name="TC_PP_SandBox_Transaction_Debit_Card_failed_Transaction_iFrame_kit" tests="2" failures="0" timestamp="18 Mar 2019 09:04:39 GMT" time="29.153" errors="0">
  <testcase name="setup" time="0.001" classname="com.Airpay.Tests.TC_PP_Moto_Transaction_Debit_Card_failed_Transaction_Inline_kit"/>
  <testcase name="TC_TestCaseName" time="20.447" classname="com.Airpay.Tests.TC_PP_Moto_Transaction_Debit_Card_failed_Transaction_Inline_kit"/>
</testsuite> <!-- TC_PP_SandBox_Transaction_Debit_Card_failed_Transaction_iFrame_kit -->
