<?xml version="1.0" encoding="UTF-8"?>
<!-- Generated by org.testng.reporters.JUnitXMLReporter -->
<testsuite hostname="DESKTOP-1HEU4UN" ignored="0" name="TC_PP_SandBox_Transaction_Debit_Card_failed_Transaction" tests="2" failures="0" timestamp="04 Dec 2019 15:00:48 GMT" time="58.771" errors="0">
  <testcase name="setup" time="0.0" classname="com.Airpay.Tests.TC_PP_Moto_Transaction_Debit_Card_failed_Transaction"/>
  <testcase name="TC_TestCaseName" time="38.955" classname="com.Airpay.Tests.TC_PP_Moto_Transaction_Debit_Card_failed_Transaction"/>
</testsuite> <!-- TC_PP_SandBox_Transaction_Debit_Card_failed_Transaction -->
