<?xml version="1.0" encoding="UTF-8"?>
<!-- Generated by org.testng.reporters.JUnitXMLReporter -->
<testsuite ignored="0" hostname="DESKTOP-OSH6QQN" failures="0" tests="2" name="To verify popular bank &amp; dropdown bank." time="27.648" errors="0" timestamp="2021-11-03T12:29:47 IST">
  <testcase classname="com.Airpay.Tests.TC_PP_NetBanking_Banking_popular_bank_verification" name="setup" time="0.0"/>
  <testcase classname="com.Airpay.Tests.TC_PP_NetBanking_Banking_popular_bank_verification" name="TC_TestCaseName" time="10.913"/>
</testsuite> <!-- To verify popular bank & dropdown bank. -->
