<?xml version="1.0" encoding="UTF-8"?>
<!-- Generated by org.testng.reporters.JUnitXMLReporter -->
<testsuite ignored="0" hostname="DESKTOP-OSH6QQN" failures="0" tests="2" name="To verify Succes trxn using master card.CC" time="80.761" errors="0" timestamp="2021-11-03T12:23:03 IST">
  <testcase classname="com.Airpay.Tests.TC_PP_17_Credit_Card" name="setup" time="0.0"/>
  <testcase classname="com.Airpay.Tests.TC_PP_17_Credit_Card" name="TC_TestCaseName" time="59.734"/>
</testsuite> <!-- To verify Succes trxn using master card.CC -->
