<?xml version="1.0" encoding="UTF-8"?>
<!-- Generated by org.testng.reporters.JUnitXMLReporter -->
<testsuite ignored="0" hostname="DESKTOP-OSH6QQN" failures="0" tests="2" name="To verify accesibility of popular wallet " time="153.958" errors="0" timestamp="2021-11-03T12:34:16 IST">
  <testcase classname="com.Airpay.Tests.TC_PP_Wallet_Banking_popular_wallet_verifying" name="setup" time="0.0"/>
  <testcase classname="com.Airpay.Tests.TC_PP_Wallet_Banking_popular_wallet_verifying" name="TC_TestCaseName" time="139.708"/>
</testsuite> <!-- To verify accesibility of popular wallet  -->
