<?xml version="1.0" encoding="UTF-8"?>
<!-- Generated by org.testng.reporters.JUnitXMLReporter -->
<testsuite ignored="0" hostname="DESKTOP-OSH6QQN" failures="0" tests="2" name="To Verify CC When passing only mobile number" time="79.117" errors="0" timestamp="2021-11-03T11:43:49 IST">
  <testcase classname="com.Airpay.Tests.TC_PP_05_mobile" name="setup" time="0.0"/>
  <testcase classname="com.Airpay.Tests.TC_PP_05_mobile" name="TC_TestCaseName" time="69.57"/>
</testsuite> <!-- To Verify CC When passing only mobile number -->
