<?xml version="1.0" encoding="UTF-8"?>
<!-- Generated by org.testng.reporters.JUnitXMLReporter -->
<testsuite ignored="0" hostname="DESKTOP-OSH6QQN" failures="0" tests="2" name="To verify when user pass invalid FNAME." time="19.175" errors="0" timestamp="2021-11-03T11:41:52 IST">
  <testcase classname="com.Airpay.Tests.TC_PP_01" name="setup" time="0.001"/>
  <testcase classname="com.Airpay.Tests.TC_PP_01" name="TC_TestCaseName" time="9.221"/>
</testsuite> <!-- To verify when user pass invalid FNAME. -->
