<?xml version="1.0" encoding="UTF-8"?>
<!-- Generated by org.testng.reporters.JUnitXMLReporter -->
<testsuite ignored="0" hostname="DESKTOP-OSH6QQN" failures="0" tests="2" name="To verify expresspayment Save card login." time="46.927" errors="0" timestamp="2021-11-03T13:37:16 IST">
  <testcase classname="com.Airpay.Tests.TC_ID_Verify_American_Express_Save_Cards" name="setup" time="0.0"/>
  <testcase classname="com.Airpay.Tests.TC_ID_Verify_American_Express_Save_Cards" name="TC_TestCaseName" time="21.238"/>
</testsuite> <!-- To verify expresspayment Save card login. -->
