<?xml version="1.0" encoding="UTF-8"?>
<!-- Generated by org.testng.reporters.JUnitXMLReporter -->
<testsuite ignored="0" hostname="DESKTOP-OSH6QQN" failures="0" tests="2" name="To verify Debit card trxn till bank OTP page." time="171.173" errors="0" timestamp="2021-11-03T12:39:30 IST">
  <testcase classname="com.Airpay.Tests.TC_PP_Moto_Transaction_Debit_Card_Successfull_Transaction" name="setup" time="0.0"/>
  <testcase classname="com.Airpay.Tests.TC_PP_Moto_Transaction_Debit_Card_Successfull_Transaction" name="TC_TestCaseName" time="156.683"/>
</testsuite> <!-- To verify Debit card trxn till bank OTP page. -->
