<?xml version="1.0" encoding="UTF-8"?>
<!-- Generated by org.testng.reporters.JUnitXMLReporter -->
<testsuite ignored="0" hostname="DESKTOP-OSH6QQN" failures="0" tests="2" name="To Verify Wallet_Red_Line_Error" time="37.416" errors="0" timestamp="2021-11-03T12:23:42 IST">
  <testcase classname="com.Airpay.Tests.TC_PP_Wallet_Red_Line_Error" name="setup" time="0.0"/>
  <testcase classname="com.Airpay.Tests.TC_PP_Wallet_Red_Line_Error" name="TC_TestCaseName" time="13.448"/>
</testsuite> <!-- To Verify Wallet_Red_Line_Error -->
