<?xml version="1.0" encoding="UTF-8"?>
<!-- Generated by org.testng.reporters.JUnitXMLReporter -->
<testsuite ignored="0" hostname="DESKTOP-OSH6QQN" failures="0" tests="2" name="To verify BTQR popup Cancel button." time="414.082" errors="0" timestamp="2021-11-03T13:18:48 IST">
  <testcase classname="com.Airpay.Tests.TC_PP_BharatOR_BarCode_CrossBtn_Error_verification" name="setup" time="0.192"/>
  <testcase classname="com.Airpay.Tests.TC_PP_BharatOR_BarCode_CrossBtn_Error_verification" name="TC_TestCaseName" time="296.767"/>
</testsuite> <!-- To verify BTQR popup Cancel button. -->
