<?xml version="1.0" encoding="UTF-8"?>
<!-- Generated by org.testng.reporters.JUnitXMLReporter -->
<testsuite ignored="0" hostname="DESKTOP-OSH6QQN" failures="0" tests="2" name="To verify expresspayment with invalid or blank password" time="36.366" errors="0" timestamp="2021-11-03T13:39:31 IST">
  <testcase classname="com.Airpay.Tests.TC_ID_Verify_Express_Payments_Invalid_PWd_and_BlankPWD" name="setup" time="0.001"/>
  <testcase classname="com.Airpay.Tests.TC_ID_Verify_Express_Payments_Invalid_PWd_and_BlankPWD" name="TC_TestCaseName" time="20.732"/>
</testsuite> <!-- To verify expresspayment with invalid or blank password -->
