<?xml version="1.0" encoding="UTF-8"?>
<!-- Generated by org.testng.reporters.JUnitXMLReporter -->
<testsuite ignored="0" hostname="DESKTOP-OSH6QQN" failures="0" tests="2" name="To verify when user input greater than 16 digit Card Number Creditcard" time="96.19" errors="0" timestamp="2021-11-03T11:56:23 IST">
  <testcase classname="com.Airpay.Tests.TC_PP_13_Credit_Card" name="setup" time="0.0"/>
  <testcase classname="com.Airpay.Tests.TC_PP_13_Credit_Card" name="TC_TestCaseName" time="28.394"/>
</testsuite> <!-- To verify when user input greater than 16 digit Card Number Creditcard -->
