<?xml version="1.0" encoding="UTF-8"?>
<!-- Generated by org.testng.reporters.JUnitXMLReporter -->
<testsuite ignored="0" hostname="DESKTOP-OSH6QQN" failures="0" tests="2" name="To verify UPI submit without entering VPA." time="64.239" errors="0" timestamp="2021-11-03T12:44:36 IST">
  <testcase classname="com.Airpay.Tests.TC_PP_UPIAddress_Empty_Transaction_ErrorMessage_NewDesign" name="setup" time="0.023"/>
  <testcase classname="com.Airpay.Tests.TC_PP_UPIAddress_Empty_Transaction_ErrorMessage_NewDesign" name="TC_TestCaseName" time="43.048"/>
</testsuite> <!-- To verify UPI submit without entering VPA. -->
