<?xml version="1.0" encoding="UTF-8"?>
<!-- Generated by org.testng.reporters.JUnitXMLReporter -->
<testsuite ignored="0" hostname="DESKTOP-OSH6QQN" failures="0" tests="2" name="To Verify_AMEX_Credit_Red_line_Errors" time="54.479" errors="0" timestamp="2021-11-03T11:50:08 IST">
  <testcase classname="com.Airpay.Tests.TC_PP_09_Amex_Credit_Card" name="setup" time="0.0"/>
  <testcase classname="com.Airpay.Tests.TC_PP_09_Amex_Credit_Card" name="TC_TestCaseName" time="28.445"/>
</testsuite> <!-- To Verify_AMEX_Credit_Red_line_Errors -->
