<?xml version="1.0" encoding="UTF-8"?>
<!-- Generated by org.testng.reporters.JUnitXMLReporter -->
<testsuite ignored="0" hostname="DESKTOP-OSH6QQN" failures="0" tests="2" name="To Verify Credit card entry in debitcard Channel." time="60.492" errors="0" timestamp="2021-11-03T11:54:43 IST">
  <testcase classname="com.Airpay.Tests.TC_PP_12" name="setup" time="0.0"/>
  <testcase classname="com.Airpay.Tests.TC_PP_12" name="TC_TestCaseName" time="28.868"/>
</testsuite> <!-- To Verify Credit card entry in debitcard Channel. -->
