<?xml version="1.0" encoding="UTF-8"?>
<!-- Generated by org.testng.reporters.JUnitXMLReporter -->
<testsuite ignored="0" hostname="DESKTOP-OSH6QQN" failures="0" tests="2" name="To verify VA succes trxn" time="457.121" errors="0" timestamp="2021-11-03T13:34:12 IST">
  <testcase classname="com.Airpay.Tests.TC_PP_Virtual_Account_Success_transaction_testcase" name="setup" time="0.0"/>
  <testcase classname="com.Airpay.Tests.TC_PP_Virtual_Account_Success_transaction_testcase" name="TC_TestCaseName" time="445.495"/>
</testsuite> <!-- To verify VA succes trxn -->
