<?xml version="1.0" encoding="UTF-8"?>
<!-- Generated by org.testng.reporters.JUnitXMLReporter -->
<testsuite ignored="0" hostname="DESKTOP-OSH6QQN" failures="0" tests="2" name="To verify when user does not pass Amount." time="20.472" errors="0" timestamp="2021-11-03T11:41:13 IST">
  <testcase classname="com.Airpay.Tests.TC_PP_01" name="setup" time="0.006"/>
  <testcase classname="com.Airpay.Tests.TC_PP_01" name="TC_TestCaseName" time="9.505"/>
</testsuite> <!-- To verify when user does not pass Amount. -->
