<?xml version="1.0" encoding="UTF-8"?>
<!-- Generated by org.testng.reporters.JUnitXMLReporter -->
<testsuite ignored="0" hostname="DESKTOP-OSH6QQN" failures="0" tests="2" name="To verify language  when passing currency as KES 404" time="224.553" errors="0" timestamp="2021-11-03T11:47:34 IST">
  <testcase classname="com.Airpay.Tests.TC_PP_05_Langugechange" name="setup" time="0.001"/>
  <testcase classname="com.Airpay.Tests.TC_PP_05_Langugechange" name="TC_TestCaseName" time="205.542"/>
</testsuite> <!-- To verify language  when passing currency as KES 404 -->
