<?xml version="1.0" encoding="UTF-8"?>
<!-- Generated by org.testng.reporters.JUnitXMLReporter -->
<testsuite ignored="0" hostname="DESKTOP-OSH6QQN" failures="0" tests="2" name="To Verify_Invalid_Debit_Card_Detsils_with_Error_Messages" time="86.513" errors="0" timestamp="2021-11-03T11:53:40 IST">
  <testcase classname="com.Airpay.Tests.TC_PP_11_Debit_Card" name="setup" time="0.0"/>
  <testcase classname="com.Airpay.Tests.TC_PP_11_Debit_Card" name="TC_TestCaseName" time="42.477"/>
</testsuite> <!-- To Verify_Invalid_Debit_Card_Detsils_with_Error_Messages -->
