<?xml version="1.0" encoding="UTF-8"?>
<!-- Generated by org.testng.reporters.JUnitXMLReporter -->
<testsuite ignored="0" hostname="DESKTOP-OSH6QQN" failures="0" tests="2" name="To verify when user passing email id" time="19.379" errors="0" timestamp="2021-11-03T11:42:30 IST">
  <testcase classname="com.Airpay.Tests.TC_PP_05_email" name="setup" time="0.0"/>
  <testcase classname="com.Airpay.Tests.TC_PP_05_email" name="TC_TestCaseName" time="9.863"/>
</testsuite> <!-- To verify when user passing email id -->
