<?xml version="1.0" encoding="UTF-8"?>
<!-- Generated by org.testng.reporters.JUnitXMLReporter -->
<testsuite ignored="0" hostname="DESKTOP-OSH6QQN" failures="0" tests="2" name="To verify_Invalid_Credit_Card_Details_with_Erro_Messages" time="58.736" errors="0" timestamp="2021-11-03T11:52:12 IST">
  <testcase classname="com.Airpay.Tests.TC_PP_11_Credit_Card" name="setup" time="0.0"/>
  <testcase classname="com.Airpay.Tests.TC_PP_11_Credit_Card" name="TC_TestCaseName" time="37.282"/>
</testsuite> <!-- To verify_Invalid_Credit_Card_Details_with_Erro_Messages -->
