<?xml version="1.0" encoding="UTF-8"?>
<!-- Generated by org.testng.reporters.JUnitXMLReporter -->
<testsuite ignored="0" hostname="DESKTOP-OSH6QQN" failures="0" tests="2" name="To verify amazonpay wallet trxn till bank page." time="131.772" errors="0" timestamp="2021-11-03T13:36:27 IST">
  <testcase classname="com.Airpay.Tests.TC_PP_Amazon_Pay_TestCase" name="setup" time="0.001"/>
  <testcase classname="com.Airpay.Tests.TC_PP_Amazon_Pay_TestCase" name="TC_TestCaseName" time="111.683"/>
</testsuite> <!-- To verify amazonpay wallet trxn till bank page. -->
