<?xml version="1.0" encoding="UTF-8"?>
<!-- Generated by org.testng.reporters.JUnitXMLReporter -->
<testsuite ignored="0" hostname="DESKTOP-OSH6QQN" failures="0" tests="2" name="To verify navigation of all wallet till resp bank page." time="333.534" errors="0" timestamp="2021-11-03T12:29:17 IST">
  <testcase classname="com.Airpay.Tests.TC_PP_Wallet_Navigation_page" name="setup" time="0.0"/>
  <testcase classname="com.Airpay.Tests.TC_PP_Wallet_Navigation_page" name="TC_TestCaseName" time="292.604"/>
</testsuite> <!-- To verify navigation of all wallet till resp bank page. -->
