<?xml version="1.0" encoding="UTF-8"?>
<!-- Generated by org.testng.reporters.JUnitXMLReporter -->
<testsuite ignored="0" hostname="DESKTOP-OSH6QQN" failures="0" tests="2" name="To Verify_Credit_Card_Red_line_Errors" time="41.692" errors="0" timestamp="2021-11-03T11:49:13 IST">
  <testcase classname="com.Airpay.Tests.TC_PP_09_Credit_Card" name="setup" time="0.001"/>
  <testcase classname="com.Airpay.Tests.TC_PP_09_Credit_Card" name="TC_TestCaseName" time="25.386"/>
</testsuite> <!-- To Verify_Credit_Card_Red_line_Errors -->
