<?xml version="1.0" encoding="UTF-8"?>
<!-- Generated by org.testng.reporters.JUnitXMLReporter -->
<testsuite ignored="0" hostname="DESKTOP-OSH6QQN" failures="0" tests="2" name="To verify Credit card logo appearance." time="163.34" errors="0" timestamp="2021-11-03T12:17:15 IST">
  <testcase classname="com.Airpay.Tests.TC_PP_Credit_Card_logo_Appearance" name="setup" time="0.0"/>
  <testcase classname="com.Airpay.Tests.TC_PP_Credit_Card_logo_Appearance" name="TC_TestCaseName" time="60.693"/>
</testsuite> <!-- To verify Credit card logo appearance. -->
