<?xml version="1.0" encoding="UTF-8"?>
<!-- Generated by org.testng.reporters.JUnitXMLReporter -->
<testsuite ignored="0" hostname="DESKTOP-OSH6QQN" failures="0" tests="2" name="To verify when user passes valid mandatory data from merchant site to payment page" time="26.988" errors="0" timestamp="2021-11-03T11:48:31 IST">
  <testcase classname="com.Airpay.Tests.TC_PP_05" name="setup" time="0.0"/>
  <testcase classname="com.Airpay.Tests.TC_PP_05" name="TC_TestCaseName" time="10.089"/>
</testsuite> <!-- To verify when user passes valid mandatory data from merchant site to payment page -->
