<?xml version="1.0" encoding="UTF-8"?>
<!-- Generated by org.testng.reporters.JUnitXMLReporter -->
<testsuite ignored="0" hostname="DESKTOP-OSH6QQN" failures="0" tests="2" name="To verify Cash error for pincode field." time="187.386" errors="0" timestamp="2021-11-03T12:14:26 IST">
  <testcase classname="com.Airpay.Tests.TC_PP_Cash_MakePayment_PinCodeErrorLine" name="setup" time="0.0"/>
  <testcase classname="com.Airpay.Tests.TC_PP_Cash_MakePayment_PinCodeErrorLine" name="TC_TestCaseName" time="104.94"/>
</testsuite> <!-- To verify Cash error for pincode field. -->
