<?xml version="1.0" encoding="UTF-8"?>
<!-- Generated by org.testng.reporters.JUnitXMLReporter -->
<testsuite ignored="0" hostname="DESKTOP-OSH6QQN" failures="0" tests="2" name="To Verify_Debit_Card_Red_line_Errors" time="40.557" errors="0" timestamp="2021-11-03T11:50:49 IST">
  <testcase classname="com.Airpay.Tests.TC_PP_09_Debit_Card" name="setup" time="0.001"/>
  <testcase classname="com.Airpay.Tests.TC_PP_09_Debit_Card" name="TC_TestCaseName" time="27.259"/>
</testsuite> <!-- To Verify_Debit_Card_Red_line_Errors -->
