<?xml version="1.0" encoding="UTF-8"?>
<!-- Generated by org.testng.reporters.JUnitXMLReporter -->
<testsuite ignored="0" hostname="DESKTOP-OSH6QQN" failures="0" tests="2" name="To verify EMI submit without any value." time="118.167" errors="0" timestamp="2021-11-03T13:05:28 IST">
  <testcase classname="com.Airpay.Tests.TC_PP_EMI_Blank_Value_RedLine_Error_notification" name="setup" time="0.26"/>
  <testcase classname="com.Airpay.Tests.TC_PP_EMI_Blank_Value_RedLine_Error_notification" name="TC_TestCaseName" time="95.472"/>
</testsuite> <!-- To verify EMI submit without any value. -->
