<?xml version="1.0" encoding="UTF-8"?>
<!-- Generated by org.testng.reporters.JUnitXMLReporter -->
<testsuite ignored="0" hostname="DESKTOP-OSH6QQN" failures="0" tests="2" name="To verify amexezclik trxn till bank page" time="115.383" errors="0" timestamp="2021-11-03T13:26:33 IST">
  <testcase classname="com.Airpay.Tests.TC_PP_AmexeZeClick_Testcase" name="setup" time="0.0"/>
  <testcase classname="com.Airpay.Tests.TC_PP_AmexeZeClick_Testcase" name="TC_TestCaseName" time="99.891"/>
</testsuite> <!-- To verify amexezclik trxn till bank page -->
