<?xml version="1.0" encoding="UTF-8"?>
<!-- Generated by org.testng.reporters.JUnitXMLReporter -->
<testsuite ignored="0" hostname="DESKTOP-OSH6QQN" failures="0" tests="2" name="To verify Amex card succes trxn." time="237.681" errors="0" timestamp="2021-11-03T12:43:28 IST">
  <testcase classname="com.Airpay.Tests.TC_PP_Moto_Transaction_Credit_Card_Successfull_Transaction" name="setup" time="0.001"/>
  <testcase classname="com.Airpay.Tests.TC_PP_Moto_Transaction_Credit_Card_Successfull_Transaction" name="TC_TestCaseName" time="214.203"/>
</testsuite> <!-- To verify Amex card succes trxn. -->
