<?xml version="1.0" encoding="UTF-8"?>
<!-- Generated by org.testng.reporters.JUnitXMLReporter -->
<testsuite ignored="0" hostname="DESKTOP-OSH6QQN" failures="0" tests="2" name="To verify Credit card trxn till bank OTP page." time="139.911" errors="0" timestamp="2021-11-03T12:36:37 IST">
  <testcase classname="com.Airpay.Tests.TC_PP_Moto_Transaction_Credit_Card_Successfull_Transaction" name="setup" time="0.0"/>
  <testcase classname="com.Airpay.Tests.TC_PP_Moto_Transaction_Credit_Card_Successfull_Transaction" name="TC_TestCaseName" time="127.6"/>
</testsuite> <!-- To verify Credit card trxn till bank OTP page. -->
