<?xml version="1.0" encoding="UTF-8"?>
<!-- Generated by org.testng.reporters.JUnitXMLReporter -->
<testsuite ignored="0" hostname="DESKTOP-OSH6QQN" failures="0" tests="2" name="To verify Netbanking Submit without selecting bank." time="173.673" errors="0" timestamp="2021-11-03T12:00:27 IST">
  <testcase classname="com.Airpay.Tests.TC_PP_NetBanking_errorValidtion" name="setup" time="0.001"/>
  <testcase classname="com.Airpay.Tests.TC_PP_NetBanking_errorValidtion" name="TC_TestCaseName" time="104.579"/>
</testsuite> <!-- To verify Netbanking Submit without selecting bank. -->
