<?xml version="1.0" encoding="UTF-8"?>
<!-- Generated by org.testng.reporters.JUnitXMLReporter -->
<testsuite ignored="0" hostname="DESKTOP-OSH6QQN" failures="0" tests="2" name="To verify Cancel of UPI session timer." time="730.647" errors="0" timestamp="2021-11-03T13:03:24 IST">
  <testcase classname="com.Airpay.Tests.TC_PP_valid_UPI_Session_Cancel_popup_ErrMsg" name="setup" time="0.0"/>
  <testcase classname="com.Airpay.Tests.TC_PP_valid_UPI_Session_Cancel_popup_ErrMsg" name="TC_TestCaseName" time="689.839"/>
</testsuite> <!-- To verify Cancel of UPI session timer. -->
