<?xml version="1.0" encoding="UTF-8"?>
<!-- Generated by org.testng.reporters.JUnitXMLReporter -->
<testsuite ignored="0" hostname="DESKTOP-OSH6QQN" failures="0" tests="2" name="To verify BTQR image verification" time="351.525" errors="0" timestamp="2021-11-03T13:11:36 IST">
  <testcase classname="com.Airpay.Tests.TC_PP_BharatOR_BarCode_img_verification" name="setup" time="0.0"/>
  <testcase classname="com.Airpay.Tests.TC_PP_BharatOR_BarCode_img_verification" name="TC_TestCaseName" time="261.608"/>
</testsuite> <!-- To verify BTQR image verification -->
