<?xml version="1.0" encoding="UTF-8"?>
<!-- Generated by org.testng.reporters.JUnitXMLReporter -->
<testsuite ignored="0" hostname="DESKTOP-OSH6QQN" failures="0" tests="2" name="To verify accesiblity of all dropdown bank." time="112.624" errors="0" timestamp="2021-11-03T12:31:41 IST">
  <testcase classname="com.Airpay.Tests.TC_PP_NetBanking_All_Bank_Name_Access" name="setup" time="0.001"/>
  <testcase classname="com.Airpay.Tests.TC_PP_NetBanking_All_Bank_Name_Access" name="TC_TestCaseName" time="98.539"/>
</testsuite> <!-- To verify accesiblity of all dropdown bank. -->
