<?xml version="1.0" encoding="UTF-8"?>
<!-- Generated by org.testng.reporters.JUnitXMLReporter -->
<testsuite ignored="0" hostname="DESKTOP-OSH6QQN" failures="0" tests="2" name="To verify UPI submit with invalid VPA ." time="350.66" errors="0" timestamp="2021-11-03T12:50:37 IST">
  <testcase classname="com.Airpay.Tests.TC_PP_Invalid_UPI_Address_NewDesign" name="setup" time="0.0"/>
  <testcase classname="com.Airpay.Tests.TC_PP_Invalid_UPI_Address_NewDesign" name="TC_TestCaseName" time="264.144"/>
</testsuite> <!-- To verify UPI submit with invalid VPA . -->
