<?xml version="1.0" encoding="UTF-8"?>
<!-- Generated by org.testng.reporters.JUnitXMLReporter -->
<testsuite ignored="0" hostname="DESKTOP-OSH6QQN" failures="0" tests="2" name="To verify Debit card logo appearance." time="113.903" errors="0" timestamp="2021-11-03T12:19:11 IST">
  <testcase classname="com.Airpay.Tests.TC_PP_Debit_Card_logo_Appearance" name="setup" time="0.0"/>
  <testcase classname="com.Airpay.Tests.TC_PP_Debit_Card_logo_Appearance" name="TC_TestCaseName" time="59.61"/>
</testsuite> <!-- To verify Debit card logo appearance. -->
