<?xml version="1.0" encoding="UTF-8"?>
<!-- Generated by org.testng.reporters.JUnitXMLReporter -->
<testsuite ignored="0" hostname="DESKTOP-OSH6QQN" failures="0" tests="2" name="To verify redirection of all netbanking band available in dropdown." time="2734.048" errors="0" timestamp="2021-10-22T17:49:57 IST">
  <testcase classname="com.Airpay.Tests.TC_PP_NetBanking_Bank_page_validations" name="setup" time="0.0"/>
  <testcase classname="com.Airpay.Tests.TC_PP_NetBanking_Bank_page_validations" name="TC_TestCaseName" time="2722.123"/>
</testsuite> <!-- To verify redirection of all netbanking band available in dropdown. -->
