<?xml version="1.0" encoding="UTF-8"?>
<!-- Generated by org.testng.reporters.JUnitXMLReporter -->
<testsuite ignored="0" hostname="DESKTOP-OSH6QQN" failures="0" tests="2" name="To verify when user does not pass mandatory field" time="18.966" errors="0" timestamp="2021-10-18T17:56:31 IST">
  <testcase classname="com.Airpay.Tests.TC_PP_01" name="setup" time="0.006"/>
  <testcase classname="com.Airpay.Tests.TC_PP_01" name="TC_TestCaseName" time="8.692"/>
</testsuite> <!-- To verify when user does not pass mandatory field -->
