<?xml version="1.0" encoding="UTF-8"?>
<!-- Generated by org.testng.reporters.JUnitXMLReporter -->
<testsuite ignored="0" hostname="DESKTOP-OSH6QQN" failures="0" tests="2" name="To verify expresspayment forgotpassword ." time="33.589" errors="0" timestamp="2021-11-03T13:40:05 IST">
  <testcase classname="com.Airpay.Tests.TC_ID_Verify_Express_Payments_Forgot_Password_link_Sent" name="setup" time="0.0"/>
  <testcase classname="com.Airpay.Tests.TC_ID_Verify_Express_Payments_Forgot_Password_link_Sent" name="TC_TestCaseName" time="20.418"/>
</testsuite> <!-- To verify expresspayment forgotpassword . -->
