<?xml version="1.0" encoding="UTF-8"?>
<!-- Generated by org.testng.reporters.JUnitXMLReporter -->
<testsuite ignored="0" hostname="DESKTOP-OSH6QQN" failures="0" tests="2" name="To verify Netbanking redirection of specific bank mention in Datasheet(SBI,HDFC)" time="332.444" errors="0" timestamp="2021-11-03T12:06:03 IST">
  <testcase classname="com.Airpay.Tests.TC_PP_NetBanking_Specific_Bank_page_validations" name="setup" time="0.001"/>
  <testcase classname="com.Airpay.Tests.TC_PP_NetBanking_Specific_Bank_page_validations" name="TC_TestCaseName" time="254.27"/>
</testsuite> <!-- To verify Netbanking redirection of specific bank mention in Datasheet(SBI,HDFC) -->
