<?xml version="1.0" encoding="UTF-8"?>
<testng-results skipped="0" failed="0" ignored="0" total="3" passed="3">
  <reporter-output>
  </reporter-output>
  <suite name="Airpay" duration-ms="4910" started-at="2022-01-31T12:31:51 IST" finished-at="2022-01-31T12:31:56 IST">
    <groups>
    </groups>
    <test name="TC_ID_MA_Report" duration-ms="4910" started-at="2022-01-31T12:31:51 IST" finished-at="2022-01-31T12:31:56 IST">
      <class name="com.Airpay.Tests.MA_Report">
        <test-method status="PASS" signature="initializeTestBaseSetup(java.lang.String, java.lang.String, java.lang.String)[pri:0, instance:com.Airpay.Tests.MA_Report@74eb909f]" name="initializeTestBaseSetup" is-config="true" duration-ms="4859" started-at="2022-01-31T12:31:51 IST" finished-at="2022-01-31T12:31:56 IST">
          <params>
            <param index="0">
              <value>
                <![CDATA[CHROME]]>
              </value>
            </param>
            <param index="1">
              <value>
                <![CDATA[https://ma.airpay.co.in/]]>
              </value>
            </param>
            <param index="2">
              <value>
                <![CDATA[TC_ID_MA_Report]]>
              </value>
            </param>
          </params>
          <reporter-output>
          </reporter-output>
        </test-method> <!-- initializeTestBaseSetup -->
        <test-method status="PASS" signature="setup()[pri:1, instance:com.Airpay.Tests.MA_Report@74eb909f]" name="setup" duration-ms="16" started-at="2022-01-31T12:31:56 IST" finished-at="2022-01-31T12:31:56 IST">
          <reporter-output>
          </reporter-output>
        </test-method> <!-- setup -->
        <test-method status="PASS" signature="TC_TestCaseName()[pri:2, instance:com.Airpay.Tests.MA_Report@74eb909f]" name="TC_TestCaseName" duration-ms="35" started-at="2022-01-31T12:31:56 IST" finished-at="2022-01-31T12:31:56 IST">
          <reporter-output>
          </reporter-output>
        </test-method> <!-- TC_TestCaseName -->
        <test-method status="PASS" signature="tearDown()[pri:0, instance:com.Airpay.Tests.MA_Report@74eb909f]" name="tearDown" is-config="true" duration-ms="0" started-at="2022-01-31T12:31:56 IST" finished-at="2022-01-31T12:31:56 IST">
          <reporter-output>
          </reporter-output>
        </test-method> <!-- tearDown -->
        <test-method status="PASS" signature="delete()[pri:3, instance:com.Airpay.Tests.MA_Report@74eb909f]" name="delete" duration-ms="0" started-at="2022-01-31T12:31:56 IST" finished-at="2022-01-31T12:31:56 IST">
          <reporter-output>
          </reporter-output>
        </test-method> <!-- delete -->
      </class> <!-- com.Airpay.Tests.MA_Report -->
    </test> <!-- TC_ID_MA_Report -->
  </suite> <!-- Airpay -->
</testng-results>
